Using pre-set license
Built from '2020.2/staging' branch; Version is '2020.2.5f1 (e2c53f129de5) revision 14861631'; Using compiler version '192528614'; Build Type 'Release'
OS: 'Windows 10 Home; OS build 19042.867; Version 2009; 64bit' Language: 'en' Physical Memory: 16333 MB
BatchMode: 1, IsHumanControllingUs: 0, StartBugReporterOnCrash: 0, Is64bit: 1, IsPro: 0

 COMMAND LINE ARGUMENTS:
U:\2020.2.5f1\Editor\Unity.exe
-adb2
-batchMode
-noUpm
-name
AssetImportWorker0
-projectPath
U:/Repos/first-Ladydebug-game/Ladydebug game
-logFile
Logs/AssetImportWorker0.log
-srvPort
50128
Successfully changed project path to: U:/Repos/first-Ladydebug-game/Ladydebug game
U:/Repos/first-Ladydebug-game/Ladydebug game
Using Asset Import Pipeline V2.
Refreshing native plugins compatible for Editor in 31.71 ms, found 1 plugins.
Preloading 0 native plugins for Editor in 0.00 ms.
Initialize engine version: 2020.2.5f1 (e2c53f129de5)
[Subsystems] Discovering subsystems at path U:/2020.2.5f1/Editor/Data/Resources/UnitySubsystems
[Subsystems] Discovering subsystems at path U:/Repos/first-Ladydebug-game/Ladydebug game/Assets
GfxDevice: creating device client; threaded=0
Direct3D:
    Version:  Direct3D 11.0 [level 11.1]
    Renderer: NVIDIA GeForce RTX 2070 SUPER (ID=0x1e84)
    Vendor:   
    VRAM:     8011 MB
    Driver:   27.21.14.6172
Initialize mono
Mono path[0] = 'U:/2020.2.5f1/Editor/Data/Managed'
Mono path[1] = 'U:/2020.2.5f1/Editor/Data/MonoBleedingEdge/lib/mono/unityjit'
Mono config path = 'U:/2020.2.5f1/Editor/Data/MonoBleedingEdge/etc'
Using monoOptions --debugger-agent=transport=dt_socket,embedding=1,server=y,suspend=n,address=127.0.0.1:56904
Begin MonoManager ReloadAssembly
Registering precompiled unity dll's ...
Register platform support module: U:/2020.2.5f1/Editor/Data/PlaybackEngines/WebGLSupport/UnityEditor.WebGL.Extensions.dll
Register platform support module: U:/2020.2.5f1/Editor/Data/PlaybackEngines/WindowsStandaloneSupport/UnityEditor.WindowsStandalone.Extensions.dll
Registered in 0.001008 seconds.
Native extension for WindowsStandalone target not found
Native extension for WebGL target not found
Refreshing native plugins compatible for Editor in 29.42 ms, found 1 plugins.
Preloading 0 native plugins for Editor in 0.00 ms.
Invoked RoslynAnalysisRunner static constructor.
RoslynAnalysisRunner will not be running.
RoslynAnalysisRunner has terminated.
Mono: successfully reloaded assembly
- Completed reload, in  1.315 seconds
Platform modules already initialized, skipping
Registering precompiled user dll's ...
Registered in 0.000458 seconds.
Begin MonoManager ReloadAssembly
Symbol file data-000001DD87D890F0 doesn't match image U:\Repos\first-Ladydebug-game\Ladydebug game\Library\ScriptAssemblies\Scripts.dll
Symbol file LoadedFromMemory is not a mono symbol file
Native extension for WindowsStandalone target not found
Native extension for WebGL target not found
Refreshing native plugins compatible for Editor in 29.84 ms, found 1 plugins.
Preloading 0 native plugins for Editor in 0.00 ms.
Invoked RoslynAnalysisRunner static constructor.
RoslynAnalysisRunner will not be running.
RoslynAnalysisRunner has terminated.
Mono: successfully reloaded assembly
- Completed reload, in  0.741 seconds
Platform modules already initialized, skipping
========================================================================
Worker process is ready to serve import requests
Launched and connected shader compiler UnityShaderCompiler.exe after 0.03 seconds
Refreshing native plugins compatible for Editor in 0.39 ms, found 1 plugins.
Preloading 0 native plugins for Editor in 0.00 ms.
Unloading 1778 Unused Serialized files (Serialized files now loaded: 0)
System memory in use before: 83.9 MB.
System memory in use after: 84.0 MB.

Unloading 19 unused Assets to reduce memory usage. Loaded Objects now: 2226.
Total: 1.696700 ms (FindLiveObjects: 0.172800 ms CreateObjectMapping: 0.043500 ms MarkObjects: 1.431300 ms  DeleteObjects: 0.048300 ms)

========================================================================
Received Import Request.
  path: Assets/Assets/RedAnt.png
  artifactKey: Guid(5e23dda3a94252b41bcdebadeb64423e) Importer(815301076,1909f56bfc062723c751e8b465ee728b)
Start importing Assets/Assets/RedAnt.png using Guid(5e23dda3a94252b41bcdebadeb64423e) Importer(815301076,1909f56bfc062723c751e8b465ee728b)  -> (artifact id: 'dc2541b202574c68cbdcd6bb8b130fd4') in 0.127161 seconds
  Import took 0.129808 seconds .

========================================================================
Received Import Request.
  Time since last request: 0.000161 seconds.
  path: Assets/Assets/BlueAnt.png
  artifactKey: Guid(da489822c2076114e887dd3ea789336b) Importer(815301076,1909f56bfc062723c751e8b465ee728b)
Start importing Assets/Assets/BlueAnt.png using Guid(da489822c2076114e887dd3ea789336b) Importer(815301076,1909f56bfc062723c751e8b465ee728b)  -> (artifact id: 'd2704cc4b5bf5ec909ba4e31501424da') in 0.011838 seconds
  Import took 0.014271 seconds .

========================================================================
Received Import Request.
  Time since last request: 695.896735 seconds.
  path: ProjectSettings/TagManager.asset
  artifactKey: Guid(00000000000000003000000000000000) Importer(815301076,1909f56bfc062723c751e8b465ee728b)
Start importing ProjectSettings/TagManager.asset using Guid(00000000000000003000000000000000) Importer(815301076,1909f56bfc062723c751e8b465ee728b)  -> (artifact id: 'a0d35a0162dcd278600dabfca54e734a') in 0.008324 seconds
  Import took 0.011233 seconds .

========================================================================
Received Import Request.
  Time since last request: 480.932942 seconds.
  path: Assets/Assets/Prefab/BlueAnt.prefab
  artifactKey: Guid(694fb3ed37f890e45a7ff60c7597612b) Importer(815301076,1909f56bfc062723c751e8b465ee728b)
Start importing Assets/Assets/Prefab/BlueAnt.prefab using Guid(694fb3ed37f890e45a7ff60c7597612b) Importer(815301076,1909f56bfc062723c751e8b465ee728b)  -> (artifact id: '163a1dd2e05950bdede245c0ca9d1c0b') in 0.028666 seconds
  Import took 0.031708 seconds .

========================================================================
Received Import Request.
  Time since last request: 39.624097 seconds.
  path: Assets/Assets/Prefab/Bug.prefab
  artifactKey: Guid(694fb3ed37f890e45a7ff60c7597612b) Importer(815301076,1909f56bfc062723c751e8b465ee728b)
Start importing Assets/Assets/Prefab/Bug.prefab using Guid(694fb3ed37f890e45a7ff60c7597612b) Importer(815301076,1909f56bfc062723c751e8b465ee728b)  -> (artifact id: '6063a076965f6ff3322c127604d318f7') in 0.014887 seconds
  Import took 0.018308 seconds .

========================================================================
Received Import Request.
  Time since last request: 0.006331 seconds.
  path: Assets/Assets/Prefab/Bug.prefab
  artifactKey: Guid(694fb3ed37f890e45a7ff60c7597612b) Importer(815301076,1909f56bfc062723c751e8b465ee728b)
Start importing Assets/Assets/Prefab/Bug.prefab using Guid(694fb3ed37f890e45a7ff60c7597612b) Importer(815301076,1909f56bfc062723c751e8b465ee728b)  -> (artifact id: '6063a076965f6ff3322c127604d318f7') in 0.009605 seconds
  Import took 0.012961 seconds .

========================================================================
Received Import Request.
  Time since last request: 172.869514 seconds.
  path: Assets/Assets/Prefab/LightningBolt.prefab
  artifactKey: Guid(09aed0008fb22bd4e879c962108c904c) Importer(815301076,1909f56bfc062723c751e8b465ee728b)
Start importing Assets/Assets/Prefab/LightningBolt.prefab using Guid(09aed0008fb22bd4e879c962108c904c) Importer(815301076,1909f56bfc062723c751e8b465ee728b)  -> (artifact id: '9b04c09ce5012e35307ae98c39b9b9cd') in 0.014387 seconds
  Import took 0.017660 seconds .

========================================================================
Received Import Request.
  Time since last request: 0.010521 seconds.
  path: Assets/Assets/Prefab/LightningBolt.prefab
  artifactKey: Guid(09aed0008fb22bd4e879c962108c904c) Importer(815301076,1909f56bfc062723c751e8b465ee728b)
Start importing Assets/Assets/Prefab/LightningBolt.prefab using Guid(09aed0008fb22bd4e879c962108c904c) Importer(815301076,1909f56bfc062723c751e8b465ee728b)  -> (artifact id: '9b04c09ce5012e35307ae98c39b9b9cd') in 0.008110 seconds
  Import took 0.011206 seconds .

========================================================================
Received Prepare
Registering precompiled user dll's ...
Registered in 0.000665 seconds.
Begin MonoManager ReloadAssembly
Native extension for WindowsStandalone target not found
Native extension for WebGL target not found
Refreshing native plugins compatible for Editor in 0.37 ms, found 1 plugins.
Preloading 0 native plugins for Editor in 0.00 ms.
Invoked RoslynAnalysisRunner static constructor.
RoslynAnalysisRunner will not be running.
RoslynAnalysisRunner has terminated.
Mono: successfully reloaded assembly
- Completed reload, in  0.698 seconds
Platform modules already initialized, skipping
Refreshing native plugins compatible for Editor in 0.32 ms, found 1 plugins.
Preloading 0 native plugins for Editor in 0.00 ms.
Unloading 1768 Unused Serialized files (Serialized files now loaded: 0)
System memory in use before: 86.6 MB.
System memory in use after: 86.7 MB.

Unloading 9 unused Assets to reduce memory usage. Loaded Objects now: 2237.
Total: 1.800200 ms (FindLiveObjects: 0.206600 ms CreateObjectMapping: 0.038700 ms MarkObjects: 1.536800 ms  DeleteObjects: 0.017200 ms)

========================================================================
Received Prepare
Registering precompiled user dll's ...
Registered in 0.000741 seconds.
Begin MonoManager ReloadAssembly
Native extension for WindowsStandalone target not found
Native extension for WebGL target not found
Refreshing native plugins compatible for Editor in 0.38 ms, found 1 plugins.
Preloading 0 native plugins for Editor in 0.00 ms.
Invoked RoslynAnalysisRunner static constructor.
RoslynAnalysisRunner will not be running.
RoslynAnalysisRunner has terminated.
Mono: successfully reloaded assembly
- Completed reload, in  0.693 seconds
Platform modules already initialized, skipping
Refreshing native plugins compatible for Editor in 0.37 ms, found 1 plugins.
Preloading 0 native plugins for Editor in 0.00 ms.
Unloading 1768 Unused Serialized files (Serialized files now loaded: 0)
System memory in use before: 86.7 MB.
System memory in use after: 86.8 MB.

Unloading 8 unused Assets to reduce memory usage. Loaded Objects now: 2239.
Total: 1.752000 ms (FindLiveObjects: 0.220800 ms CreateObjectMapping: 0.040700 ms MarkObjects: 1.478000 ms  DeleteObjects: 0.011400 ms)

========================================================================
Received Prepare
Registering precompiled user dll's ...
Registered in 0.000699 seconds.
Begin MonoManager ReloadAssembly
Native extension for WindowsStandalone target not found
Native extension for WebGL target not found
Refreshing native plugins compatible for Editor in 0.39 ms, found 1 plugins.
Preloading 0 native plugins for Editor in 0.00 ms.
Invoked RoslynAnalysisRunner static constructor.
RoslynAnalysisRunner will not be running.
RoslynAnalysisRunner has terminated.
Mono: successfully reloaded assembly
- Completed reload, in  0.675 seconds
Platform modules already initialized, skipping
Refreshing native plugins compatible for Editor in 0.28 ms, found 1 plugins.
Preloading 0 native plugins for Editor in 0.00 ms.
Unloading 1768 Unused Serialized files (Serialized files now loaded: 0)
System memory in use before: 86.7 MB.
System memory in use after: 86.8 MB.

Unloading 8 unused Assets to reduce memory usage. Loaded Objects now: 2241.
Total: 1.658900 ms (FindLiveObjects: 0.189900 ms CreateObjectMapping: 0.038700 ms MarkObjects: 1.417600 ms  DeleteObjects: 0.011800 ms)

========================================================================
Received Prepare
Registering precompiled user dll's ...
Registered in 0.000658 seconds.
Begin MonoManager ReloadAssembly
Native extension for WindowsStandalone target not found
Native extension for WebGL target not found
Refreshing native plugins compatible for Editor in 0.38 ms, found 1 plugins.
Preloading 0 native plugins for Editor in 0.00 ms.
Invoked RoslynAnalysisRunner static constructor.
RoslynAnalysisRunner will not be running.
RoslynAnalysisRunner has terminated.
Mono: successfully reloaded assembly
- Completed reload, in  0.684 seconds
Platform modules already initialized, skipping
Refreshing native plugins compatible for Editor in 0.33 ms, found 1 plugins.
Preloading 0 native plugins for Editor in 0.00 ms.
Unloading 1768 Unused Serialized files (Serialized files now loaded: 0)
System memory in use before: 86.7 MB.
System memory in use after: 86.8 MB.

Unloading 8 unused Assets to reduce memory usage. Loaded Objects now: 2243.
Total: 2.232100 ms (FindLiveObjects: 0.231600 ms CreateObjectMapping: 0.043700 ms MarkObjects: 1.941800 ms  DeleteObjects: 0.013600 ms)

========================================================================
Received Prepare
Registering precompiled user dll's ...
Registered in 0.000736 seconds.
Begin MonoManager ReloadAssembly
Native extension for WindowsStandalone target not found
Native extension for WebGL target not found
Refreshing native plugins compatible for Editor in 0.41 ms, found 1 plugins.
Preloading 0 native plugins for Editor in 0.00 ms.
Invoked RoslynAnalysisRunner static constructor.
RoslynAnalysisRunner will not be running.
RoslynAnalysisRunner has terminated.
Mono: successfully reloaded assembly
- Completed reload, in  0.696 seconds
Platform modules already initialized, skipping
Refreshing native plugins compatible for Editor in 0.39 ms, found 1 plugins.
Preloading 0 native plugins for Editor in 0.00 ms.
Unloading 1768 Unused Serialized files (Serialized files now loaded: 0)
System memory in use before: 86.7 MB.
System memory in use after: 86.8 MB.

Unloading 8 unused Assets to reduce memory usage. Loaded Objects now: 2245.
Total: 2.166700 ms (FindLiveObjects: 0.258900 ms CreateObjectMapping: 0.041500 ms MarkObjects: 1.849300 ms  DeleteObjects: 0.015400 ms)

========================================================================
Received Import Request.
  Time since last request: 1661.247890 seconds.
  path: Assets/Assets/Prefab/Bug.prefab
  artifactKey: Guid(694fb3ed37f890e45a7ff60c7597612b) Importer(815301076,1909f56bfc062723c751e8b465ee728b)
Start importing Assets/Assets/Prefab/Bug.prefab using Guid(694fb3ed37f890e45a7ff60c7597612b) Importer(815301076,1909f56bfc062723c751e8b465ee728b)  -> (artifact id: '0df2c569072b2d8d4b0015b64b00052d') in 0.060698 seconds
  Import took 0.063959 seconds .

========================================================================
Received Import Request.
  Time since last request: 2.388193 seconds.
  path: Assets/Assets/Prefab/Bug.prefab
  artifactKey: Guid(694fb3ed37f890e45a7ff60c7597612b) Importer(815301076,1909f56bfc062723c751e8b465ee728b)
Start importing Assets/Assets/Prefab/Bug.prefab using Guid(694fb3ed37f890e45a7ff60c7597612b) Importer(815301076,1909f56bfc062723c751e8b465ee728b)  -> (artifact id: '2a27225c3985b2312315e1e82664e3e3') in 0.010191 seconds
  Import took 0.012977 seconds .

========================================================================
Received Import Request.
  Time since last request: 0.008377 seconds.
  path: Assets/Assets/Prefab/Bug.prefab
  artifactKey: Guid(694fb3ed37f890e45a7ff60c7597612b) Importer(815301076,1909f56bfc062723c751e8b465ee728b)
Start importing Assets/Assets/Prefab/Bug.prefab using Guid(694fb3ed37f890e45a7ff60c7597612b) Importer(815301076,1909f56bfc062723c751e8b465ee728b)  -> (artifact id: '2a27225c3985b2312315e1e82664e3e3') in 0.006773 seconds
  Import took 0.009577 seconds .

========================================================================
Received Prepare
Registering precompiled user dll's ...
Registered in 0.000719 seconds.
Begin MonoManager ReloadAssembly
Native extension for WindowsStandalone target not found
Native extension for WebGL target not found
Refreshing native plugins compatible for Editor in 0.40 ms, found 1 plugins.
Preloading 0 native plugins for Editor in 0.00 ms.
Invoked RoslynAnalysisRunner static constructor.
RoslynAnalysisRunner will not be running.
RoslynAnalysisRunner has terminated.
Mono: successfully reloaded assembly
- Completed reload, in  0.682 seconds
Platform modules already initialized, skipping
Refreshing native plugins compatible for Editor in 0.47 ms, found 1 plugins.
Preloading 0 native plugins for Editor in 0.00 ms.
Unloading 1768 Unused Serialized files (Serialized files now loaded: 0)
System memory in use before: 86.7 MB.
System memory in use after: 86.8 MB.

Unloading 8 unused Assets to reduce memory usage. Loaded Objects now: 2248.
Total: 1.707600 ms (FindLiveObjects: 0.206600 ms CreateObjectMapping: 0.041500 ms MarkObjects: 1.446600 ms  DeleteObjects: 0.011700 ms)

========================================================================
Received Import Request.
  Time since last request: 35.720620 seconds.
  path: Assets/Assets/Prefab/Bug.prefab
  artifactKey: Guid(694fb3ed37f890e45a7ff60c7597612b) Importer(815301076,1909f56bfc062723c751e8b465ee728b)
Start importing Assets/Assets/Prefab/Bug.prefab using Guid(694fb3ed37f890e45a7ff60c7597612b) Importer(815301076,1909f56bfc062723c751e8b465ee728b)  -> (artifact id: 'e94f4d2a44a4a9709c35daa23cc4e950') in 0.047520 seconds
  Import took 0.050608 seconds .

========================================================================
Received Prepare
Registering precompiled user dll's ...
Registered in 0.000927 seconds.
Begin MonoManager ReloadAssembly
Native extension for WindowsStandalone target not found
Native extension for WebGL target not found
Refreshing native plugins compatible for Editor in 0.44 ms, found 1 plugins.
Preloading 0 native plugins for Editor in 0.00 ms.
Invoked RoslynAnalysisRunner static constructor.
RoslynAnalysisRunner will not be running.
RoslynAnalysisRunner has terminated.
Mono: successfully reloaded assembly
- Completed reload, in  0.687 seconds
Platform modules already initialized, skipping
Refreshing native plugins compatible for Editor in 0.39 ms, found 1 plugins.
Preloading 0 native plugins for Editor in 0.00 ms.
Unloading 1768 Unused Serialized files (Serialized files now loaded: 0)
System memory in use before: 86.7 MB.
System memory in use after: 86.8 MB.

Unloading 8 unused Assets to reduce memory usage. Loaded Objects now: 2251.
Total: 3.604500 ms (FindLiveObjects: 0.257200 ms CreateObjectMapping: 0.045100 ms MarkObjects: 3.271000 ms  DeleteObjects: 0.029700 ms)

AssetImportWorkerClient::OnTransportError - code=2 error=End of file
