Using pre-set license
Built from '2020.2/staging' branch; Version is '2020.2.5f1 (e2c53f129de5) revision 14861631'; Using compiler version '192528614'; Build Type 'Release'
OS: 'Windows 10 Home; OS build 19042.844; Version 2009; 64bit' Language: 'en' Physical Memory: 16333 MB
BatchMode: 1, IsHumanControllingUs: 0, StartBugReporterOnCrash: 0, Is64bit: 1, IsPro: 0

 COMMAND LINE ARGUMENTS:
U:\2020.2.5f1\Editor\Unity.exe
-adb2
-batchMode
-noUpm
-name
AssetImportWorker0
-projectPath
U:/Repos/first-Ladydebug-game/Ladydebug game
-logFile
Logs/AssetImportWorker0.log
-srvPort
50523
Successfully changed project path to: U:/Repos/first-Ladydebug-game/Ladydebug game
U:/Repos/first-Ladydebug-game/Ladydebug game
Using Asset Import Pipeline V2.
Refreshing native plugins compatible for Editor in 29.15 ms, found 1 plugins.
Preloading 0 native plugins for Editor in 0.00 ms.
Initialize engine version: 2020.2.5f1 (e2c53f129de5)
[Subsystems] Discovering subsystems at path U:/2020.2.5f1/Editor/Data/Resources/UnitySubsystems
[Subsystems] Discovering subsystems at path U:/Repos/first-Ladydebug-game/Ladydebug game/Assets
GfxDevice: creating device client; threaded=0
Direct3D:
    Version:  Direct3D 11.0 [level 11.1]
    Renderer: NVIDIA GeForce RTX 2070 SUPER (ID=0x1e84)
    Vendor:   
    VRAM:     8011 MB
    Driver:   27.21.14.6172
Initialize mono
Mono path[0] = 'U:/2020.2.5f1/Editor/Data/Managed'
Mono path[1] = 'U:/2020.2.5f1/Editor/Data/MonoBleedingEdge/lib/mono/unityjit'
Mono config path = 'U:/2020.2.5f1/Editor/Data/MonoBleedingEdge/etc'
Using monoOptions --debugger-agent=transport=dt_socket,embedding=1,server=y,suspend=n,address=127.0.0.1:56552
Begin MonoManager ReloadAssembly
Registering precompiled unity dll's ...
Register platform support module: U:/2020.2.5f1/Editor/Data/PlaybackEngines/WebGLSupport/UnityEditor.WebGL.Extensions.dll
Register platform support module: U:/2020.2.5f1/Editor/Data/PlaybackEngines/WindowsStandaloneSupport/UnityEditor.WindowsStandalone.Extensions.dll
Registered in 0.001071 seconds.
Native extension for WindowsStandalone target not found
Native extension for WebGL target not found
Refreshing native plugins compatible for Editor in 31.20 ms, found 1 plugins.
Preloading 0 native plugins for Editor in 0.00 ms.
Invoked RoslynAnalysisRunner static constructor.
RoslynAnalysisRunner will not be running.
RoslynAnalysisRunner has terminated.
Mono: successfully reloaded assembly
- Completed reload, in  1.523 seconds
Platform modules already initialized, skipping
Registering precompiled user dll's ...
Registered in 0.001028 seconds.
Begin MonoManager ReloadAssembly
Native extension for WindowsStandalone target not found
Native extension for WebGL target not found
Refreshing native plugins compatible for Editor in 29.96 ms, found 1 plugins.
Preloading 0 native plugins for Editor in 0.00 ms.
Invoked RoslynAnalysisRunner static constructor.
RoslynAnalysisRunner will not be running.
RoslynAnalysisRunner has terminated.
Mono: successfully reloaded assembly
- Completed reload, in  0.773 seconds
Platform modules already initialized, skipping
========================================================================
Worker process is ready to serve import requests
Launched and connected shader compiler UnityShaderCompiler.exe after 0.04 seconds
Refreshing native plugins compatible for Editor in 0.35 ms, found 1 plugins.
Preloading 0 native plugins for Editor in 0.00 ms.
Unloading 1778 Unused Serialized files (Serialized files now loaded: 0)
System memory in use before: 83.9 MB.
System memory in use after: 84.0 MB.

Unloading 19 unused Assets to reduce memory usage. Loaded Objects now: 2226.
Total: 1.916800 ms (FindLiveObjects: 0.211700 ms CreateObjectMapping: 0.042500 ms MarkObjects: 1.604800 ms  DeleteObjects: 0.056900 ms)

========================================================================
Received Import Request.
  path: Assets/Assets/Lightning.png
  artifactKey: Guid(b0867418d2730e74387d1ab4cdf89ef4) Importer(815301076,1909f56bfc062723c751e8b465ee728b)
Start importing Assets/Assets/Lightning.png using Guid(b0867418d2730e74387d1ab4cdf89ef4) Importer(815301076,1909f56bfc062723c751e8b465ee728b)  -> (artifact id: '45c6f388cbd07abf038b3821691ea4b5') in 4.992766 seconds
  Import took 4.995716 seconds .

========================================================================
Received Import Request.
  Time since last request: 0.046258 seconds.
  path: Assets/Assets/Lightning.png
  artifactKey: Guid(b0867418d2730e74387d1ab4cdf89ef4) Importer(815301076,1909f56bfc062723c751e8b465ee728b)
Start importing Assets/Assets/Lightning.png using Guid(b0867418d2730e74387d1ab4cdf89ef4) Importer(815301076,1909f56bfc062723c751e8b465ee728b)  -> (artifact id: '45c6f388cbd07abf038b3821691ea4b5') in 0.010605 seconds
  Import took 0.013518 seconds .

========================================================================
Received Import Request.
  Time since last request: 24.147710 seconds.
  path: Assets/Assets/Prefab/tempLightningBolt.prefab
  artifactKey: Guid(09aed0008fb22bd4e879c962108c904c) Importer(815301076,1909f56bfc062723c751e8b465ee728b)
Start importing Assets/Assets/Prefab/tempLightningBolt.prefab using Guid(09aed0008fb22bd4e879c962108c904c) Importer(815301076,1909f56bfc062723c751e8b465ee728b)  -> (artifact id: '3622d95e877a9fe086ec5de53858c72d') in 0.046819 seconds
  Import took 0.049691 seconds .

========================================================================
Received Import Request.
  Time since last request: 28.505508 seconds.
  path: Assets/Assets/Prefab/tempLightningBolt.prefab
  artifactKey: Guid(09aed0008fb22bd4e879c962108c904c) Importer(815301076,1909f56bfc062723c751e8b465ee728b)
Start importing Assets/Assets/Prefab/tempLightningBolt.prefab using Guid(09aed0008fb22bd4e879c962108c904c) Importer(815301076,1909f56bfc062723c751e8b465ee728b)  -> (artifact id: 'b4619313c794b6d32792921af6726afb') in 0.008326 seconds
  Import took 0.011307 seconds .

========================================================================
Received Import Request.
  Time since last request: 9.272685 seconds.
  path: Assets/Assets/Prefab/tempLightningBolt.prefab
  artifactKey: Guid(09aed0008fb22bd4e879c962108c904c) Importer(815301076,1909f56bfc062723c751e8b465ee728b)
Start importing Assets/Assets/Prefab/tempLightningBolt.prefab using Guid(09aed0008fb22bd4e879c962108c904c) Importer(815301076,1909f56bfc062723c751e8b465ee728b)  -> (artifact id: 'd8fdb4f27ebf585bb475f1f4d0dbeb3a') in 0.007839 seconds
  Import took 0.010745 seconds .

========================================================================
Received Import Request.
  Time since last request: 6.821366 seconds.
  path: Assets/Assets/Prefab/tempLightningBolt.prefab
  artifactKey: Guid(09aed0008fb22bd4e879c962108c904c) Importer(815301076,1909f56bfc062723c751e8b465ee728b)
Start importing Assets/Assets/Prefab/tempLightningBolt.prefab using Guid(09aed0008fb22bd4e879c962108c904c) Importer(815301076,1909f56bfc062723c751e8b465ee728b)  -> (artifact id: '65ba1e7354983ceb01115e568fe3b3f7') in 0.009961 seconds
  Import took 0.012870 seconds .

========================================================================
Received Prepare
Registering precompiled user dll's ...
Registered in 0.000552 seconds.
Begin MonoManager ReloadAssembly
Native extension for WindowsStandalone target not found
Native extension for WebGL target not found
Refreshing native plugins compatible for Editor in 0.38 ms, found 1 plugins.
Preloading 0 native plugins for Editor in 0.00 ms.
Invoked RoslynAnalysisRunner static constructor.
RoslynAnalysisRunner will not be running.
RoslynAnalysisRunner has terminated.
Mono: successfully reloaded assembly
- Completed reload, in  0.680 seconds
Platform modules already initialized, skipping
Refreshing native plugins compatible for Editor in 0.34 ms, found 1 plugins.
Preloading 0 native plugins for Editor in 0.00 ms.
Unloading 1768 Unused Serialized files (Serialized files now loaded: 0)
System memory in use before: 86.6 MB.
System memory in use after: 86.7 MB.

Unloading 8 unused Assets to reduce memory usage. Loaded Objects now: 2237.
Total: 2.103700 ms (FindLiveObjects: 0.260100 ms CreateObjectMapping: 0.041000 ms MarkObjects: 1.790000 ms  DeleteObjects: 0.011600 ms)

AssetImportWorkerClient::OnTransportError - code=2 error=End of file
